::1 - - [18/Feb/2022:20:03:16 +0000] "POST /api/addDevice HTTP/1.1" - - "-" "PostmanRuntime/7.29.0"
::1 - - [18/Feb/2022:20:03:24 +0000] "POST /api/addDevice HTTP/1.1" - - "-" "PostmanRuntime/7.29.0"
::1 - - [18/Feb/2022:20:10:09 +0000] "POST /api/addDevice HTTP/1.1" 200 12 "-" "PostmanRuntime/7.29.0"
::1 - - [18/Feb/2022:20:13:03 +0000] "POST /api/addDevice HTTP/1.1" 400 43 "-" "PostmanRuntime/7.29.0"
::1 - - [18/Feb/2022:20:13:27 +0000] "POST /api/addDevice HTTP/1.1" 400 43 "-" "PostmanRuntime/7.29.0"
::1 - - [18/Feb/2022:20:15:18 +0000] "POST /api/addDevice HTTP/1.1" 400 43 "-" "PostmanRuntime/7.29.0"
::1 - - [18/Feb/2022:20:16:35 +0000] "POST /api/addDevice HTTP/1.1" 400 43 "-" "PostmanRuntime/7.29.0"
::1 - - [18/Feb/2022:20:16:38 +0000] "POST /api/addDevice HTTP/1.1" 400 43 "-" "PostmanRuntime/7.29.0"
::1 - - [18/Feb/2022:20:16:55 +0000] "POST /api/addDevice HTTP/1.1" 400 43 "-" "PostmanRuntime/7.29.0"
::1 - - [18/Feb/2022:20:16:57 +0000] "POST /api/addDevice HTTP/1.1" 400 43 "-" "PostmanRuntime/7.29.0"
::1 - - [18/Feb/2022:20:18:17 +0000] "POST /api/addDevice HTTP/1.1" 400 66 "-" "PostmanRuntime/7.29.0"
::1 - - [18/Feb/2022:20:19:01 +0000] "POST /api/addDevice HTTP/1.1" 400 66 "-" "PostmanRuntime/7.29.0"
::1 - - [18/Feb/2022:20:19:04 +0000] "POST /api/addDevice HTTP/1.1" 400 66 "-" "PostmanRuntime/7.29.0"
::1 - - [18/Feb/2022:20:19:24 +0000] "POST /api/addDevice HTTP/1.1" 400 43 "-" "PostmanRuntime/7.29.0"
::1 - - [18/Feb/2022:20:19:36 +0000] "POST /api/addDevice HTTP/1.1" 400 43 "-" "PostmanRuntime/7.29.0"
::1 - - [18/Feb/2022:20:27:33 +0000] "POST /api/addDevice HTTP/1.1" 200 67 "-" "PostmanRuntime/7.29.0"
::1 - - [18/Feb/2022:20:29:59 +0000] "POST /api/addDevice HTTP/1.1" 400 43 "-" "PostmanRuntime/7.29.0"
::1 - - [18/Feb/2022:20:30:45 +0000] "POST /api/addDevice HTTP/1.1" 400 43 "-" "PostmanRuntime/7.29.0"
::1 - - [18/Feb/2022:20:31:48 +0000] "POST /api/addDevice HTTP/1.1" 400 43 "-" "PostmanRuntime/7.29.0"
::1 - - [18/Feb/2022:20:31:55 +0000] "POST /api/addDevice HTTP/1.1" 400 43 "-" "PostmanRuntime/7.29.0"
::1 - - [18/Feb/2022:20:32:12 +0000] "POST /api/addDevice HTTP/1.1" 400 43 "-" "PostmanRuntime/7.29.0"
::1 - - [18/Feb/2022:20:33:14 +0000] "POST /api/addDevice HTTP/1.1" 400 110 "-" "PostmanRuntime/7.29.0"
::1 - - [18/Feb/2022:20:33:27 +0000] "POST /api/addDevice HTTP/1.1" 400 30 "-" "PostmanRuntime/7.29.0"
::1 - - [18/Feb/2022:20:33:33 +0000] "POST /api/addDevice HTTP/1.1" 400 110 "-" "PostmanRuntime/7.29.0"
::1 - - [18/Feb/2022:20:33:45 +0000] "POST /api/addDevice HTTP/1.1" 400 110 "-" "PostmanRuntime/7.29.0"
::1 - - [18/Feb/2022:20:33:53 +0000] "POST /api/addDevice HTTP/1.1" 400 110 "-" "PostmanRuntime/7.29.0"
::1 - - [18/Feb/2022:20:34:23 +0000] "POST /api/addDevice HTTP/1.1" 400 110 "-" "PostmanRuntime/7.29.0"
::1 - - [18/Feb/2022:20:34:58 +0000] "POST /api/addDevice HTTP/1.1" 400 110 "-" "PostmanRuntime/7.29.0"
::1 - - [18/Feb/2022:20:35:14 +0000] "POST /api/addDevice HTTP/1.1" 400 110 "-" "PostmanRuntime/7.29.0"
::1 - - [18/Feb/2022:20:35:29 +0000] "POST /api/addDevice HTTP/1.1" 400 110 "-" "PostmanRuntime/7.29.0"
::1 - - [18/Feb/2022:20:35:57 +0000] "POST /api/addDevice HTTP/1.1" 500 1467 "-" "PostmanRuntime/7.29.0"
::1 - - [18/Feb/2022:20:36:06 +0000] "POST /api/addDevice HTTP/1.1" 500 1474 "-" "PostmanRuntime/7.29.0"
::1 - - [18/Feb/2022:20:36:17 +0000] "POST /api/addDevice HTTP/1.1" 500 1474 "-" "PostmanRuntime/7.29.0"
::1 - - [18/Feb/2022:20:36:28 +0000] "POST /api/addDevice HTTP/1.1" 500 1474 "-" "PostmanRuntime/7.29.0"
::1 - - [18/Feb/2022:20:37:00 +0000] "POST /api/addDevice HTTP/1.1" 400 110 "-" "PostmanRuntime/7.29.0"
::1 - - [18/Feb/2022:20:37:07 +0000] "POST /api/addDevice HTTP/1.1" 400 110 "-" "PostmanRuntime/7.29.0"
::1 - - [18/Feb/2022:20:37:12 +0000] "POST /api/addDevice HTTP/1.1" 500 1474 "-" "PostmanRuntime/7.29.0"
::1 - - [18/Feb/2022:20:38:40 +0000] "POST /api/addDevice HTTP/1.1" 400 110 "-" "PostmanRuntime/7.29.0"
::1 - - [18/Feb/2022:20:39:08 +0000] "POST /api/addDevice HTTP/1.1" 400 110 "-" "PostmanRuntime/7.29.0"
::1 - - [18/Feb/2022:20:39:39 +0000] "POST /api/addDevice HTTP/1.1" 400 110 "-" "PostmanRuntime/7.29.0"
::1 - - [18/Feb/2022:20:41:27 +0000] "POST /api/addDevice HTTP/1.1" 400 110 "-" "PostmanRuntime/7.29.0"
::1 - - [18/Feb/2022:20:42:01 +0000] "POST /api/addDevice HTTP/1.1" 200 42 "-" "PostmanRuntime/7.29.0"
::1 - - [18/Feb/2022:20:58:43 +0000] "POST /api/notifications/send HTTP/1.1" 404 162 "-" "PostmanRuntime/7.29.0"
::1 - - [18/Feb/2022:20:59:05 +0000] "POST /api/notifications/send HTTP/1.1" 200 42 "-" "PostmanRuntime/7.29.0"
::1 - - [18/Feb/2022:20:59:28 +0000] "POST /api/notifications/send HTTP/1.1" 500 1475 "-" "PostmanRuntime/7.29.0"
::1 - - [18/Feb/2022:21:00:21 +0000] "POST /api/notifications/send HTTP/1.1" 200 82 "-" "PostmanRuntime/7.29.0"
::1 - - [18/Feb/2022:21:00:42 +0000] "POST /api/notifications/send HTTP/1.1" 200 - "-" "PostmanRuntime/7.29.0"
::1 - - [18/Feb/2022:21:00:49 +0000] "POST /api/notifications/send HTTP/1.1" 200 - "-" "PostmanRuntime/7.29.0"
::1 - - [18/Feb/2022:21:01:36 +0000] "POST /api/notifications/send HTTP/1.1" 200 82 "-" "PostmanRuntime/7.29.0"
::1 - - [18/Feb/2022:21:08:37 +0000] "POST /api/notifications/send HTTP/1.1" 200 4 "-" "PostmanRuntime/7.29.0"
::1 - - [18/Feb/2022:21:09:37 +0000] "POST /api/notifications/send HTTP/1.1" 200 5 "-" "PostmanRuntime/7.29.0"
::1 - - [18/Feb/2022:21:10:21 +0000] "POST /api/notifications/send HTTP/1.1" 200 2 "-" "PostmanRuntime/7.29.0"
::1 - - [18/Feb/2022:21:10:28 +0000] "POST /api/notifications/send HTTP/1.1" 200 31 "-" "PostmanRuntime/7.29.0"
::1 - - [18/Feb/2022:21:11:41 +0000] "POST /api/notifications/send HTTP/1.1" - - "-" "PostmanRuntime/7.29.0"
::1 - - [18/Feb/2022:21:12:04 +0000] "POST /api/notifications/send HTTP/1.1" - - "-" "PostmanRuntime/7.29.0"
::1 - - [18/Feb/2022:21:12:30 +0000] "POST /api/notifications/send HTTP/1.1" 200 682 "-" "PostmanRuntime/7.29.0"
::1 - - [18/Feb/2022:21:12:42 +0000] "POST /api/notifications/send HTTP/1.1" 200 682 "-" "PostmanRuntime/7.29.0"
::1 - - [18/Feb/2022:21:13:19 +0000] "POST /api/notifications/send HTTP/1.1" 200 543 "-" "PostmanRuntime/7.29.0"
::1 - - [18/Feb/2022:21:19:03 +0000] "POST /api/notifications/send HTTP/1.1" 200 4 "-" "PostmanRuntime/7.29.0"
::1 - - [18/Feb/2022:21:20:33 +0000] "POST /api/notifications/send HTTP/1.1" 200 2 "-" "PostmanRuntime/7.29.0"
::1 - - [18/Feb/2022:21:20:49 +0000] "POST /api/notifications/send HTTP/1.1" 200 2 "-" "PostmanRuntime/7.29.0"
::1 - - [18/Feb/2022:21:21:05 +0000] "POST /api/notifications/send HTTP/1.1" 200 2 "-" "PostmanRuntime/7.29.0"
::1 - - [18/Feb/2022:21:21:08 +0000] "POST /api/notifications/send HTTP/1.1" 200 2 "-" "PostmanRuntime/7.29.0"
::1 - - [18/Feb/2022:21:21:21 +0000] "POST /api/notifications/send HTTP/1.1" 200 2 "-" "PostmanRuntime/7.29.0"
::1 - - [18/Feb/2022:21:21:45 +0000] "POST /api/notifications/send HTTP/1.1" 200 543 "-" "PostmanRuntime/7.29.0"
::1 - - [18/Feb/2022:21:24:03 +0000] "POST /api/notifications/send HTTP/1.1" 400 43 "-" "PostmanRuntime/7.29.0"
::1 - - [18/Feb/2022:21:24:17 +0000] "POST /api/notifications/send HTTP/1.1" 400 43 "-" "PostmanRuntime/7.29.0"
::1 - - [18/Feb/2022:21:24:38 +0000] "POST /api/notifications/send HTTP/1.1" 400 43 "-" "PostmanRuntime/7.29.0"
::1 - - [18/Feb/2022:21:24:55 +0000] "POST /api/notifications/send HTTP/1.1" 400 43 "-" "PostmanRuntime/7.29.0"
::1 - - [18/Feb/2022:21:25:21 +0000] "POST /api/notifications/send HTTP/1.1" 400 43 "-" "PostmanRuntime/7.29.0"
::1 - - [18/Feb/2022:21:25:44 +0000] "POST /api/notifications/send HTTP/1.1" 400 43 "-" "PostmanRuntime/7.29.0"
::1 - - [18/Feb/2022:21:25:53 +0000] "POST /api/notifications/send HTTP/1.1" 400 43 "-" "PostmanRuntime/7.29.0"
::1 - - [18/Feb/2022:21:26:14 +0000] "POST /api/notifications/send HTTP/1.1" 200 72 "-" "PostmanRuntime/7.29.0"
::1 - - [18/Feb/2022:21:26:51 +0000] "POST /api/notifications/send HTTP/1.1" 200 72 "-" "PostmanRuntime/7.29.0"
::1 - - [18/Feb/2022:21:29:25 +0000] "POST /api/notifications/send HTTP/1.1" 200 72 "-" "PostmanRuntime/7.29.0"
